CRITICAL - 2021-01-11 02:52:33 --> Argument 1 passed to CodeIgniter\Validation\Validation::withRequest() must implement interface CodeIgniter\HTTP\RequestInterface, null given, called in /public_html/system/Controller.php on line 217
#0 /public_html/system/Controller.php(217): CodeIgniter\Validation\Validation->withRequest(NULL)
#1 /public_html/app/Controllers/Users.php(55): CodeIgniter\Controller->validate(Array, Array)
#2 /public_html/app/Controllers/Api.php(60): App\Controllers\Users->login()
#3 /public_html/system/CodeIgniter.php(918): App\Controllers\Api->index()
#4 /public_html/system/CodeIgniter.php(404): CodeIgniter\CodeIgniter->runController(Object(App\Controllers\Api))
#5 /public_html/system/CodeIgniter.php(312): CodeIgniter\CodeIgniter->handleRequest(NULL, Object(Config\Cache), false)
#6 /public_html/public/index.php(45): CodeIgniter\CodeIgniter->run()
#7 {main}
CRITICAL - 2021-01-11 02:56:43 --> syntax error, unexpected '$rules' (T_VARIABLE)
#0 /public_html/system/Autoloader/Autoloader.php(296): CodeIgniter\Autoloader\Autoloader->requireFile('/public_html/ap...')
#1 /public_html/system/Autoloader/Autoloader.php(258): CodeIgniter\Autoloader\Autoloader->loadInNamespace('App\\Controllers...')
#2 [internal function]: CodeIgniter\Autoloader\Autoloader->loadClass('App\\Controllers...')
#3 /public_html/app/Controllers/Api.php(59): spl_autoload_call('App\\Controllers...')
#4 /public_html/system/CodeIgniter.php(918): App\Controllers\Api->index()
#5 /public_html/system/CodeIgniter.php(404): CodeIgniter\CodeIgniter->runController(Object(App\Controllers\Api))
#6 /public_html/system/CodeIgniter.php(312): CodeIgniter\CodeIgniter->handleRequest(NULL, Object(Config\Cache), false)
#7 /public_html/public/index.php(45): CodeIgniter\CodeIgniter->run()
#8 {main}
CRITICAL - 2021-01-11 02:57:12 --> Call to a member function getVar() on null
#0 /public_html/app/Controllers/Api.php(60): App\Controllers\Users->login()
#1 /public_html/system/CodeIgniter.php(918): App\Controllers\Api->index()
#2 /public_html/system/CodeIgniter.php(404): CodeIgniter\CodeIgniter->runController(Object(App\Controllers\Api))
#3 /public_html/system/CodeIgniter.php(312): CodeIgniter\CodeIgniter->handleRequest(NULL, Object(Config\Cache), false)
#4 /public_html/public/index.php(45): CodeIgniter\CodeIgniter->run()
#5 {main}
CRITICAL - 2021-01-11 02:57:37 --> Call to a member function getVar() on null
#0 /public_html/app/Controllers/Api.php(60): App\Controllers\Users->login()
#1 /public_html/system/CodeIgniter.php(918): App\Controllers\Api->index()
#2 /public_html/system/CodeIgniter.php(404): CodeIgniter\CodeIgniter->runController(Object(App\Controllers\Api))
#3 /public_html/system/CodeIgniter.php(312): CodeIgniter\CodeIgniter->handleRequest(NULL, Object(Config\Cache), false)
#4 /public_html/public/index.php(45): CodeIgniter\CodeIgniter->run()
#5 {main}
CRITICAL - 2021-01-11 02:58:22 --> Argument 1 passed to CodeIgniter\Validation\Validation::withRequest() must implement interface CodeIgniter\HTTP\RequestInterface, null given, called in /public_html/system/Controller.php on line 217
#0 /public_html/system/Controller.php(217): CodeIgniter\Validation\Validation->withRequest(NULL)
#1 /public_html/app/Controllers/Users.php(54): CodeIgniter\Controller->validate(Array, Array)
#2 /public_html/app/Controllers/Api.php(61): App\Controllers\Users->login()
#3 /public_html/system/CodeIgniter.php(918): App\Controllers\Api->index()
#4 /public_html/system/CodeIgniter.php(404): CodeIgniter\CodeIgniter->runController(Object(App\Controllers\Api))
#5 /public_html/system/CodeIgniter.php(312): CodeIgniter\CodeIgniter->handleRequest(NULL, Object(Config\Cache), false)
#6 /public_html/public/index.php(45): CodeIgniter\CodeIgniter->run()
#7 {main}
CRITICAL - 2021-01-11 03:04:13 --> Argument 1 passed to CodeIgniter\Validation\Validation::withRequest() must implement interface CodeIgniter\HTTP\RequestInterface, null given, called in /public_html/system/Controller.php on line 217
#0 /public_html/system/Controller.php(217): CodeIgniter\Validation\Validation->withRequest(NULL)
#1 /public_html/app/Controllers/Users.php(54): CodeIgniter\Controller->validate(Array, Array)
#2 /public_html/app/Controllers/Api.php(61): App\Controllers\Users->login()
#3 /public_html/system/CodeIgniter.php(918): App\Controllers\Api->index()
#4 /public_html/system/CodeIgniter.php(404): CodeIgniter\CodeIgniter->runController(Object(App\Controllers\Api))
#5 /public_html/system/CodeIgniter.php(312): CodeIgniter\CodeIgniter->handleRequest(NULL, Object(Config\Cache), false)
#6 /public_html/public/index.php(45): CodeIgniter\CodeIgniter->run()
#7 {main}
CRITICAL - 2021-01-11 03:13:10 --> Argument 1 passed to CodeIgniter\Validation\Validation::withRequest() must implement interface CodeIgniter\HTTP\RequestInterface, null given, called in /public_html/system/Controller.php on line 217
#0 /public_html/system/Controller.php(217): CodeIgniter\Validation\Validation->withRequest(NULL)
#1 /public_html/app/Controllers/Users.php(54): CodeIgniter\Controller->validate(Array, Array)
#2 /public_html/app/Controllers/Api.php(61): App\Controllers\Users->login()
#3 /public_html/system/CodeIgniter.php(918): App\Controllers\Api->index()
#4 /public_html/system/CodeIgniter.php(404): CodeIgniter\CodeIgniter->runController(Object(App\Controllers\Api))
#5 /public_html/system/CodeIgniter.php(312): CodeIgniter\CodeIgniter->handleRequest(NULL, Object(Config\Cache), false)
#6 /public_html/public/index.php(45): CodeIgniter\CodeIgniter->run()
#7 {main}
CRITICAL - 2021-01-11 03:13:18 --> Argument 1 passed to CodeIgniter\Validation\Validation::withRequest() must implement interface CodeIgniter\HTTP\RequestInterface, null given, called in /public_html/system/Controller.php on line 217
#0 /public_html/system/Controller.php(217): CodeIgniter\Validation\Validation->withRequest(NULL)
#1 /public_html/app/Controllers/Users.php(54): CodeIgniter\Controller->validate(Array, Array)
#2 /public_html/app/Controllers/Api.php(61): App\Controllers\Users->login()
#3 /public_html/system/CodeIgniter.php(918): App\Controllers\Api->index()
#4 /public_html/system/CodeIgniter.php(404): CodeIgniter\CodeIgniter->runController(Object(App\Controllers\Api))
#5 /public_html/system/CodeIgniter.php(312): CodeIgniter\CodeIgniter->handleRequest(NULL, Object(Config\Cache), false)
#6 /public_html/public/index.php(45): CodeIgniter\CodeIgniter->run()
#7 {main}
CRITICAL - 2021-01-11 03:13:30 --> Argument 1 passed to CodeIgniter\Validation\Validation::withRequest() must implement interface CodeIgniter\HTTP\RequestInterface, null given, called in /public_html/system/Controller.php on line 217
#0 /public_html/system/Controller.php(217): CodeIgniter\Validation\Validation->withRequest(NULL)
#1 /public_html/app/Controllers/Users.php(54): CodeIgniter\Controller->validate(Array, Array)
#2 /public_html/app/Controllers/Api.php(62): App\Controllers\Users->login()
#3 /public_html/system/CodeIgniter.php(918): App\Controllers\Api->index()
#4 /public_html/system/CodeIgniter.php(404): CodeIgniter\CodeIgniter->runController(Object(App\Controllers\Api))
#5 /public_html/system/CodeIgniter.php(312): CodeIgniter\CodeIgniter->handleRequest(NULL, Object(Config\Cache), false)
#6 /public_html/public/index.php(45): CodeIgniter\CodeIgniter->run()
#7 {main}
CRITICAL - 2021-01-11 03:13:40 --> Argument 1 passed to CodeIgniter\Validation\Validation::withRequest() must implement interface CodeIgniter\HTTP\RequestInterface, null given, called in /public_html/system/Controller.php on line 217
#0 /public_html/system/Controller.php(217): CodeIgniter\Validation\Validation->withRequest(NULL)
#1 /public_html/app/Controllers/Users.php(54): CodeIgniter\Controller->validate(Array, Array)
#2 /public_html/app/Controllers/Api.php(62): App\Controllers\Users->login()
#3 /public_html/system/CodeIgniter.php(918): App\Controllers\Api->index()
#4 /public_html/system/CodeIgniter.php(404): CodeIgniter\CodeIgniter->runController(Object(App\Controllers\Api))
#5 /public_html/system/CodeIgniter.php(312): CodeIgniter\CodeIgniter->handleRequest(NULL, Object(Config\Cache), false)
#6 /public_html/public/index.php(45): CodeIgniter\CodeIgniter->run()
#7 {main}
CRITICAL - 2021-01-11 03:13:52 --> Argument 1 passed to CodeIgniter\Validation\Validation::withRequest() must implement interface CodeIgniter\HTTP\RequestInterface, null given, called in /public_html/system/Controller.php on line 217
#0 /public_html/system/Controller.php(217): CodeIgniter\Validation\Validation->withRequest(NULL)
#1 /public_html/app/Controllers/Users.php(54): CodeIgniter\Controller->validate(Array, Array)
#2 /public_html/app/Controllers/Api.php(62): App\Controllers\Users->login()
#3 /public_html/system/CodeIgniter.php(918): App\Controllers\Api->index()
#4 /public_html/system/CodeIgniter.php(404): CodeIgniter\CodeIgniter->runController(Object(App\Controllers\Api))
#5 /public_html/system/CodeIgniter.php(312): CodeIgniter\CodeIgniter->handleRequest(NULL, Object(Config\Cache), false)
#6 /public_html/public/index.php(45): CodeIgniter\CodeIgniter->run()
#7 {main}
CRITICAL - 2021-01-11 03:14:16 --> Argument 1 passed to CodeIgniter\Validation\Validation::withRequest() must implement interface CodeIgniter\HTTP\RequestInterface, null given, called in /public_html/system/Controller.php on line 217
#0 /public_html/system/Controller.php(217): CodeIgniter\Validation\Validation->withRequest(NULL)
#1 /public_html/app/Controllers/Users.php(54): CodeIgniter\Controller->validate(Array, Array)
#2 /public_html/app/Controllers/Api.php(62): App\Controllers\Users->login()
#3 /public_html/system/CodeIgniter.php(918): App\Controllers\Api->index()
#4 /public_html/system/CodeIgniter.php(404): CodeIgniter\CodeIgniter->runController(Object(App\Controllers\Api))
#5 /public_html/system/CodeIgniter.php(312): CodeIgniter\CodeIgniter->handleRequest(NULL, Object(Config\Cache), false)
#6 /public_html/public/index.php(45): CodeIgniter\CodeIgniter->run()
#7 {main}
CRITICAL - 2021-01-11 03:14:43 --> Argument 1 passed to CodeIgniter\Validation\Validation::withRequest() must implement interface CodeIgniter\HTTP\RequestInterface, null given, called in /public_html/system/Controller.php on line 217
#0 /public_html/system/Controller.php(217): CodeIgniter\Validation\Validation->withRequest(NULL)
#1 /public_html/app/Controllers/Users.php(54): CodeIgniter\Controller->validate(Array, Array)
#2 /public_html/app/Controllers/Api.php(62): App\Controllers\Users->login()
#3 /public_html/system/CodeIgniter.php(918): App\Controllers\Api->index()
#4 /public_html/system/CodeIgniter.php(404): CodeIgniter\CodeIgniter->runController(Object(App\Controllers\Api))
#5 /public_html/system/CodeIgniter.php(312): CodeIgniter\CodeIgniter->handleRequest(NULL, Object(Config\Cache), false)
#6 /public_html/public/index.php(45): CodeIgniter\CodeIgniter->run()
#7 {main}
CRITICAL - 2021-01-11 03:15:26 --> Argument 1 passed to CodeIgniter\Validation\Validation::withRequest() must implement interface CodeIgniter\HTTP\RequestInterface, null given, called in /public_html/system/Controller.php on line 217
#0 /public_html/system/Controller.php(217): CodeIgniter\Validation\Validation->withRequest(NULL)
#1 /public_html/app/Controllers/Users.php(54): CodeIgniter\Controller->validate(Array, Array)
#2 /public_html/app/Controllers/Api.php(62): App\Controllers\Users->login()
#3 /public_html/system/CodeIgniter.php(918): App\Controllers\Api->index()
#4 /public_html/system/CodeIgniter.php(404): CodeIgniter\CodeIgniter->runController(Object(App\Controllers\Api))
#5 /public_html/system/CodeIgniter.php(312): CodeIgniter\CodeIgniter->handleRequest(NULL, Object(Config\Cache), false)
#6 /public_html/public/index.php(45): CodeIgniter\CodeIgniter->run()
#7 {main}
CRITICAL - 2021-01-11 03:15:37 --> Argument 1 passed to CodeIgniter\Validation\Validation::withRequest() must implement interface CodeIgniter\HTTP\RequestInterface, null given, called in /public_html/system/Controller.php on line 217
#0 /public_html/system/Controller.php(217): CodeIgniter\Validation\Validation->withRequest(NULL)
#1 /public_html/app/Controllers/Users.php(54): CodeIgniter\Controller->validate(Array, Array)
#2 /public_html/app/Controllers/Api.php(62): App\Controllers\Users->login()
#3 /public_html/system/CodeIgniter.php(918): App\Controllers\Api->index()
#4 /public_html/system/CodeIgniter.php(404): CodeIgniter\CodeIgniter->runController(Object(App\Controllers\Api))
#5 /public_html/system/CodeIgniter.php(312): CodeIgniter\CodeIgniter->handleRequest(NULL, Object(Config\Cache), false)
#6 /public_html/public/index.php(45): CodeIgniter\CodeIgniter->run()
#7 {main}
CRITICAL - 2021-01-11 03:16:21 --> Call to undefined method CodeIgniter\HTTP\IncomingRequest::get()
#0 /public_html/system/CodeIgniter.php(918): App\Controllers\Api->index()
#1 /public_html/system/CodeIgniter.php(404): CodeIgniter\CodeIgniter->runController(Object(App\Controllers\Api))
#2 /public_html/system/CodeIgniter.php(312): CodeIgniter\CodeIgniter->handleRequest(NULL, Object(Config\Cache), false)
#3 /public_html/public/index.php(45): CodeIgniter\CodeIgniter->run()
#4 {main}
CRITICAL - 2021-01-11 03:16:37 --> Undefined property: App\Controllers\Api::$input
#0 /public_html/app/Controllers/Api.php(61): CodeIgniter\Debug\Exceptions->errorHandler(8, 'Undefined prope...', '/public_html/ap...', 61, Array)
#1 /public_html/system/CodeIgniter.php(918): App\Controllers\Api->index()
#2 /public_html/system/CodeIgniter.php(404): CodeIgniter\CodeIgniter->runController(Object(App\Controllers\Api))
#3 /public_html/system/CodeIgniter.php(312): CodeIgniter\CodeIgniter->handleRequest(NULL, Object(Config\Cache), false)
#4 /public_html/public/index.php(45): CodeIgniter\CodeIgniter->run()
#5 {main}
CRITICAL - 2021-01-11 03:17:14 --> Undefined property: App\Controllers\Api::$input
#0 /public_html/app/Controllers/Api.php(61): CodeIgniter\Debug\Exceptions->errorHandler(8, 'Undefined prope...', '/public_html/ap...', 61, Array)
#1 /public_html/system/CodeIgniter.php(918): App\Controllers\Api->auth()
#2 /public_html/system/CodeIgniter.php(404): CodeIgniter\CodeIgniter->runController(Object(App\Controllers\Api))
#3 /public_html/system/CodeIgniter.php(312): CodeIgniter\CodeIgniter->handleRequest(NULL, Object(Config\Cache), false)
#4 /public_html/public/index.php(45): CodeIgniter\CodeIgniter->run()
#5 {main}
CRITICAL - 2021-01-11 03:17:31 --> Argument 1 passed to CodeIgniter\Validation\Validation::withRequest() must implement interface CodeIgniter\HTTP\RequestInterface, null given, called in /public_html/system/Controller.php on line 217
#0 /public_html/system/Controller.php(217): CodeIgniter\Validation\Validation->withRequest(NULL)
#1 /public_html/app/Controllers/Users.php(54): CodeIgniter\Controller->validate(Array, Array)
#2 /public_html/app/Controllers/Api.php(62): App\Controllers\Users->login()
#3 /public_html/system/CodeIgniter.php(918): App\Controllers\Api->auth()
#4 /public_html/system/CodeIgniter.php(404): CodeIgniter\CodeIgniter->runController(Object(App\Controllers\Api))
#5 /public_html/system/CodeIgniter.php(312): CodeIgniter\CodeIgniter->handleRequest(NULL, Object(Config\Cache), false)
#6 /public_html/public/index.php(45): CodeIgniter\CodeIgniter->run()
#7 {main}
CRITICAL - 2021-01-11 03:18:20 --> Call to a member function getVar() on null
#0 /public_html/app/Controllers/Api.php(61): App\Controllers\Users->login()
#1 /public_html/system/CodeIgniter.php(918): App\Controllers\Api->auth()
#2 /public_html/system/CodeIgniter.php(404): CodeIgniter\CodeIgniter->runController(Object(App\Controllers\Api))
#3 /public_html/system/CodeIgniter.php(312): CodeIgniter\CodeIgniter->handleRequest(NULL, Object(Config\Cache), false)
#4 /public_html/public/index.php(45): CodeIgniter\CodeIgniter->run()
#5 {main}
CRITICAL - 2021-01-11 03:18:26 --> Call to a member function getPost() on null
#0 /public_html/app/Controllers/Api.php(61): App\Controllers\Users->login()
#1 /public_html/system/CodeIgniter.php(918): App\Controllers\Api->auth()
#2 /public_html/system/CodeIgniter.php(404): CodeIgniter\CodeIgniter->runController(Object(App\Controllers\Api))
#3 /public_html/system/CodeIgniter.php(312): CodeIgniter\CodeIgniter->handleRequest(NULL, Object(Config\Cache), false)
#4 /public_html/public/index.php(45): CodeIgniter\CodeIgniter->run()
#5 {main}
CRITICAL - 2021-01-11 03:20:43 --> Undefined variable: email
#0 /public_html/app/Controllers/Users.php(44): CodeIgniter\Debug\Exceptions->errorHandler(8, 'Undefined varia...', '/public_html/ap...', 44, Array)
#1 /public_html/app/Controllers/Users.php(23): App\Controllers\Users->login()
#2 /public_html/system/CodeIgniter.php(918): App\Controllers\Users->index()
#3 /public_html/system/CodeIgniter.php(404): CodeIgniter\CodeIgniter->runController(Object(App\Controllers\Users))
#4 /public_html/system/CodeIgniter.php(312): CodeIgniter\CodeIgniter->handleRequest(NULL, Object(Config\Cache), false)
#5 /public_html/public/index.php(45): CodeIgniter\CodeIgniter->run()
#6 {main}
CRITICAL - 2021-01-11 03:20:51 --> Use of undefined constant email - assumed 'email' (this will throw an Error in a future version of PHP)
#0 /public_html/app/Controllers/Users.php(44): CodeIgniter\Debug\Exceptions->errorHandler(2, 'Use of undefine...', '/public_html/ap...', 44, Array)
#1 /public_html/app/Controllers/Users.php(23): App\Controllers\Users->login()
#2 /public_html/system/CodeIgniter.php(918): App\Controllers\Users->index()
#3 /public_html/system/CodeIgniter.php(404): CodeIgniter\CodeIgniter->runController(Object(App\Controllers\Users))
#4 /public_html/system/CodeIgniter.php(312): CodeIgniter\CodeIgniter->handleRequest(NULL, Object(Config\Cache), false)
#5 /public_html/public/index.php(45): CodeIgniter\CodeIgniter->run()
#6 {main}
CRITICAL - 2021-01-11 03:21:45 --> Argument 1 passed to CodeIgniter\Validation\Validation::withRequest() must implement interface CodeIgniter\HTTP\RequestInterface, null given, called in /public_html/system/Controller.php on line 217
#0 /public_html/system/Controller.php(217): CodeIgniter\Validation\Validation->withRequest(NULL)
#1 /public_html/app/Controllers/Users.php(55): CodeIgniter\Controller->validate(Array, Array)
#2 /public_html/app/Controllers/Api.php(61): App\Controllers\Users->login()
#3 /public_html/system/CodeIgniter.php(918): App\Controllers\Api->auth()
#4 /public_html/system/CodeIgniter.php(404): CodeIgniter\CodeIgniter->runController(Object(App\Controllers\Api))
#5 /public_html/system/CodeIgniter.php(312): CodeIgniter\CodeIgniter->handleRequest(NULL, Object(Config\Cache), false)
#6 /public_html/public/index.php(45): CodeIgniter\CodeIgniter->run()
#7 {main}
CRITICAL - 2021-01-11 03:28:07 --> Undefined variable: data
#0 /public_html/app/Controllers/Api.php(61): CodeIgniter\Debug\Exceptions->errorHandler(8, 'Undefined varia...', '/public_html/ap...', 61, Array)
#1 /public_html/system/CodeIgniter.php(918): App\Controllers\Api->auth()
#2 /public_html/system/CodeIgniter.php(404): CodeIgniter\CodeIgniter->runController(Object(App\Controllers\Api))
#3 /public_html/system/CodeIgniter.php(312): CodeIgniter\CodeIgniter->handleRequest(NULL, Object(Config\Cache), false)
#4 /public_html/public/index.php(45): CodeIgniter\CodeIgniter->run()
#5 {main}
CRITICAL - 2021-01-11 03:57:23 --> Duplicate entry '1' for key 'users.PRIMARY'
#0 /public_html/system/Database/MySQLi/Connection.php(331): mysqli->query('INSERT INTO `us...')
#1 /public_html/system/Database/BaseConnection.php(741): CodeIgniter\Database\MySQLi\Connection->execute('INSERT INTO `us...')
#2 /public_html/system/Database/BaseConnection.php(669): CodeIgniter\Database\BaseConnection->simpleQuery('INSERT INTO `us...')
#3 /public_html/system/Database/BaseBuilder.php(2249): CodeIgniter\Database\BaseConnection->query('INSERT INTO `us...', Array, false)
#4 /public_html/system/Model.php(755): CodeIgniter\Database\BaseBuilder->insert()
#5 /public_html/system/Model.php(574): CodeIgniter\Model->insert(Array, false)
#6 /public_html/app/Controllers/Api.php(128): CodeIgniter\Model->save(Array)
#7 /public_html/system/CodeIgniter.php(918): App\Controllers\Api->register()
#8 /public_html/system/CodeIgniter.php(404): CodeIgniter\CodeIgniter->runController(Object(App\Controllers\Api))
#9 /public_html/system/CodeIgniter.php(312): CodeIgniter\CodeIgniter->handleRequest(NULL, Object(Config\Cache), false)
#10 /public_html/public/index.php(45): CodeIgniter\CodeIgniter->run()
#11 {main}
CRITICAL - 2021-01-11 03:58:19 --> Trying to get property 'message' of non-object
#0 /public_html/app/Controllers/Api.php(129): CodeIgniter\Debug\Exceptions->errorHandler(8, 'Trying to get p...', '/public_html/ap...', 129, Array)
#1 /public_html/system/CodeIgniter.php(918): App\Controllers\Api->register()
#2 /public_html/system/CodeIgniter.php(404): CodeIgniter\CodeIgniter->runController(Object(App\Controllers\Api))
#3 /public_html/system/CodeIgniter.php(312): CodeIgniter\CodeIgniter->handleRequest(NULL, Object(Config\Cache), false)
#4 /public_html/public/index.php(45): CodeIgniter\CodeIgniter->run()
#5 {main}
CRITICAL - 2021-01-11 03:58:35 --> Trying to get property 'message' of non-object
#0 /public_html/app/Controllers/Api.php(129): CodeIgniter\Debug\Exceptions->errorHandler(8, 'Trying to get p...', '/public_html/ap...', 129, Array)
#1 /public_html/system/CodeIgniter.php(918): App\Controllers\Api->register()
#2 /public_html/system/CodeIgniter.php(404): CodeIgniter\CodeIgniter->runController(Object(App\Controllers\Api))
#3 /public_html/system/CodeIgniter.php(312): CodeIgniter\CodeIgniter->handleRequest(NULL, Object(Config\Cache), false)
#4 /public_html/public/index.php(45): CodeIgniter\CodeIgniter->run()
#5 {main}
CRITICAL - 2021-01-11 03:58:47 --> Trying to get property 'message' of non-object
#0 /public_html/app/Controllers/Api.php(130): CodeIgniter\Debug\Exceptions->errorHandler(8, 'Trying to get p...', '/public_html/ap...', 130, Array)
#1 /public_html/system/CodeIgniter.php(918): App\Controllers\Api->register()
#2 /public_html/system/CodeIgniter.php(404): CodeIgniter\CodeIgniter->runController(Object(App\Controllers\Api))
#3 /public_html/system/CodeIgniter.php(312): CodeIgniter\CodeIgniter->handleRequest(NULL, Object(Config\Cache), false)
#4 /public_html/public/index.php(45): CodeIgniter\CodeIgniter->run()
#5 {main}
