CRITICAL - 2021-01-08 09:46:12 --> Class 'App\Models\UserModel' not found
#0 /Applications/MAMP/htdocs/chope/system/CodeIgniter.php(918): App\Controllers\Users->register()
#1 /Applications/MAMP/htdocs/chope/system/CodeIgniter.php(404): CodeIgniter\CodeIgniter->runController(Object(App\Controllers\Users))
#2 /Applications/MAMP/htdocs/chope/system/CodeIgniter.php(312): CodeIgniter\CodeIgniter->handleRequest(NULL, Object(Config\Cache), false)
#3 /Applications/MAMP/htdocs/chope/public/index.php(45): CodeIgniter\CodeIgniter->run()
#4 {main}
CRITICAL - 2021-01-08 10:33:00 --> Unable to connect to the database.
#0 /public_html/system/Database/BaseConnection.php(646): CodeIgniter\Database\BaseConnection->initialize()
#1 /public_html/system/Database/BaseBuilder.php(1860): CodeIgniter\Database\BaseConnection->query('SELECT 1\nFROM `...', Array, false)
#2 /public_html/system/Validation/Rules.php(240): CodeIgniter\Database\BaseBuilder->get()
#3 /public_html/system/Validation/Validation.php(325): CodeIgniter\Validation\Rules->is_unique('m4yank@gmail.co...', 'email', Array, NULL)
#4 /public_html/system/Validation/Validation.php(189): CodeIgniter\Validation\Validation->processRules('email', 'email', 'm4yank@gmail.co...', Array, Array)
#5 /public_html/system/Controller.php(219): CodeIgniter\Validation\Validation->run()
#6 /public_html/app/Controllers/Users.php(74): CodeIgniter\Controller->validate(Array)
#7 /public_html/system/CodeIgniter.php(918): App\Controllers\Users->register()
#8 /public_html/system/CodeIgniter.php(404): CodeIgniter\CodeIgniter->runController(Object(App\Controllers\Users))
#9 /public_html/system/CodeIgniter.php(312): CodeIgniter\CodeIgniter->handleRequest(NULL, Object(Config\Cache), false)
#10 /public_html/public/index.php(45): CodeIgniter\CodeIgniter->run()
#11 {main}
CRITICAL - 2021-01-08 10:34:00 --> Unable to connect to the database.
#0 /public_html/system/Database/BaseConnection.php(646): CodeIgniter\Database\BaseConnection->initialize()
#1 /public_html/system/Database/BaseBuilder.php(1860): CodeIgniter\Database\BaseConnection->query('SELECT 1\nFROM `...', Array, false)
#2 /public_html/system/Validation/Rules.php(240): CodeIgniter\Database\BaseBuilder->get()
#3 /public_html/system/Validation/Validation.php(325): CodeIgniter\Validation\Rules->is_unique('m4yank@gmail.co...', 'email', Array, NULL)
#4 /public_html/system/Validation/Validation.php(189): CodeIgniter\Validation\Validation->processRules('email', 'email', 'm4yank@gmail.co...', Array, Array)
#5 /public_html/system/Controller.php(219): CodeIgniter\Validation\Validation->run()
#6 /public_html/app/Controllers/Users.php(74): CodeIgniter\Controller->validate(Array)
#7 /public_html/system/CodeIgniter.php(918): App\Controllers\Users->register()
#8 /public_html/system/CodeIgniter.php(404): CodeIgniter\CodeIgniter->runController(Object(App\Controllers\Users))
#9 /public_html/system/CodeIgniter.php(312): CodeIgniter\CodeIgniter->handleRequest(NULL, Object(Config\Cache), false)
#10 /public_html/public/index.php(45): CodeIgniter\CodeIgniter->run()
#11 {main}
CRITICAL - 2021-01-08 10:34:01 --> Unable to connect to the database.
#0 /public_html/system/Database/BaseConnection.php(646): CodeIgniter\Database\BaseConnection->initialize()
#1 /public_html/system/Database/BaseBuilder.php(1860): CodeIgniter\Database\BaseConnection->query('SELECT 1\nFROM `...', Array, false)
#2 /public_html/system/Validation/Rules.php(240): CodeIgniter\Database\BaseBuilder->get()
#3 /public_html/system/Validation/Validation.php(325): CodeIgniter\Validation\Rules->is_unique('m4yank@gmail.co...', 'email', Array, NULL)
#4 /public_html/system/Validation/Validation.php(189): CodeIgniter\Validation\Validation->processRules('email', 'email', 'm4yank@gmail.co...', Array, Array)
#5 /public_html/system/Controller.php(219): CodeIgniter\Validation\Validation->run()
#6 /public_html/app/Controllers/Users.php(74): CodeIgniter\Controller->validate(Array)
#7 /public_html/system/CodeIgniter.php(918): App\Controllers\Users->register()
#8 /public_html/system/CodeIgniter.php(404): CodeIgniter\CodeIgniter->runController(Object(App\Controllers\Users))
#9 /public_html/system/CodeIgniter.php(312): CodeIgniter\CodeIgniter->handleRequest(NULL, Object(Config\Cache), false)
#10 /public_html/public/index.php(45): CodeIgniter\CodeIgniter->run()
#11 {main}
CRITICAL - 2021-01-08 10:34:35 --> Unable to connect to the database.
#0 /public_html/system/Database/BaseConnection.php(646): CodeIgniter\Database\BaseConnection->initialize()
#1 /public_html/system/Database/BaseBuilder.php(1860): CodeIgniter\Database\BaseConnection->query('SELECT 1\nFROM `...', Array, false)
#2 /public_html/system/Validation/Rules.php(240): CodeIgniter\Database\BaseBuilder->get()
#3 /public_html/system/Validation/Validation.php(325): CodeIgniter\Validation\Rules->is_unique('m4yank@gmail.co...', 'email', Array, NULL)
#4 /public_html/system/Validation/Validation.php(189): CodeIgniter\Validation\Validation->processRules('email', 'email', 'm4yank@gmail.co...', Array, Array)
#5 /public_html/system/Controller.php(219): CodeIgniter\Validation\Validation->run()
#6 /public_html/app/Controllers/Users.php(74): CodeIgniter\Controller->validate(Array)
#7 /public_html/system/CodeIgniter.php(918): App\Controllers\Users->register()
#8 /public_html/system/CodeIgniter.php(404): CodeIgniter\CodeIgniter->runController(Object(App\Controllers\Users))
#9 /public_html/system/CodeIgniter.php(312): CodeIgniter\CodeIgniter->handleRequest(NULL, Object(Config\Cache), false)
#10 /public_html/public/index.php(45): CodeIgniter\CodeIgniter->run()
#11 {main}
CRITICAL - 2021-01-08 10:34:49 --> Unable to connect to the database.
#0 /public_html/system/Database/BaseConnection.php(646): CodeIgniter\Database\BaseConnection->initialize()
#1 /public_html/system/Database/BaseBuilder.php(1860): CodeIgniter\Database\BaseConnection->query('SELECT 1\nFROM `...', Array, false)
#2 /public_html/system/Validation/Rules.php(240): CodeIgniter\Database\BaseBuilder->get()
#3 /public_html/system/Validation/Validation.php(325): CodeIgniter\Validation\Rules->is_unique('m4yank@gmail.co...', 'email', Array, NULL)
#4 /public_html/system/Validation/Validation.php(189): CodeIgniter\Validation\Validation->processRules('email', 'email', 'm4yank@gmail.co...', Array, Array)
#5 /public_html/system/Controller.php(219): CodeIgniter\Validation\Validation->run()
#6 /public_html/app/Controllers/Users.php(74): CodeIgniter\Controller->validate(Array)
#7 /public_html/system/CodeIgniter.php(918): App\Controllers\Users->register()
#8 /public_html/system/CodeIgniter.php(404): CodeIgniter\CodeIgniter->runController(Object(App\Controllers\Users))
#9 /public_html/system/CodeIgniter.php(312): CodeIgniter\CodeIgniter->handleRequest(NULL, Object(Config\Cache), false)
#10 /public_html/public/index.php(45): CodeIgniter\CodeIgniter->run()
#11 {main}
CRITICAL - 2021-01-08 10:35:40 --> Unable to connect to the database.
#0 /public_html/system/Database/BaseConnection.php(646): CodeIgniter\Database\BaseConnection->initialize()
#1 /public_html/system/Database/BaseBuilder.php(1860): CodeIgniter\Database\BaseConnection->query('SELECT 1\nFROM `...', Array, false)
#2 /public_html/system/Validation/Rules.php(240): CodeIgniter\Database\BaseBuilder->get()
#3 /public_html/system/Validation/Validation.php(325): CodeIgniter\Validation\Rules->is_unique('m4yank@gmail.co...', 'email', Array, NULL)
#4 /public_html/system/Validation/Validation.php(189): CodeIgniter\Validation\Validation->processRules('email', 'email', 'm4yank@gmail.co...', Array, Array)
#5 /public_html/system/Controller.php(219): CodeIgniter\Validation\Validation->run()
#6 /public_html/app/Controllers/Users.php(74): CodeIgniter\Controller->validate(Array)
#7 /public_html/system/CodeIgniter.php(918): App\Controllers\Users->register()
#8 /public_html/system/CodeIgniter.php(404): CodeIgniter\CodeIgniter->runController(Object(App\Controllers\Users))
#9 /public_html/system/CodeIgniter.php(312): CodeIgniter\CodeIgniter->handleRequest(NULL, Object(Config\Cache), false)
#10 /public_html/public/index.php(45): CodeIgniter\CodeIgniter->run()
#11 {main}
CRITICAL - 2021-01-08 10:35:42 --> Unable to connect to the database.
#0 /public_html/system/Database/BaseConnection.php(646): CodeIgniter\Database\BaseConnection->initialize()
#1 /public_html/system/Database/BaseBuilder.php(1860): CodeIgniter\Database\BaseConnection->query('SELECT 1\nFROM `...', Array, false)
#2 /public_html/system/Validation/Rules.php(240): CodeIgniter\Database\BaseBuilder->get()
#3 /public_html/system/Validation/Validation.php(325): CodeIgniter\Validation\Rules->is_unique('m4yank@gmail.co...', 'email', Array, NULL)
#4 /public_html/system/Validation/Validation.php(189): CodeIgniter\Validation\Validation->processRules('email', 'email', 'm4yank@gmail.co...', Array, Array)
#5 /public_html/system/Controller.php(219): CodeIgniter\Validation\Validation->run()
#6 /public_html/app/Controllers/Users.php(74): CodeIgniter\Controller->validate(Array)
#7 /public_html/system/CodeIgniter.php(918): App\Controllers\Users->register()
#8 /public_html/system/CodeIgniter.php(404): CodeIgniter\CodeIgniter->runController(Object(App\Controllers\Users))
#9 /public_html/system/CodeIgniter.php(312): CodeIgniter\CodeIgniter->handleRequest(NULL, Object(Config\Cache), false)
#10 /public_html/public/index.php(45): CodeIgniter\CodeIgniter->run()
#11 {main}
CRITICAL - 2021-01-08 10:36:03 --> Unable to connect to the database.
#0 /public_html/system/Database/BaseConnection.php(646): CodeIgniter\Database\BaseConnection->initialize()
#1 /public_html/system/Database/BaseBuilder.php(1860): CodeIgniter\Database\BaseConnection->query('SELECT 1\nFROM `...', Array, false)
#2 /public_html/system/Validation/Rules.php(240): CodeIgniter\Database\BaseBuilder->get()
#3 /public_html/system/Validation/Validation.php(325): CodeIgniter\Validation\Rules->is_unique('m4yank@gmail.co...', 'email', Array, NULL)
#4 /public_html/system/Validation/Validation.php(189): CodeIgniter\Validation\Validation->processRules('email', 'email', 'm4yank@gmail.co...', Array, Array)
#5 /public_html/system/Controller.php(219): CodeIgniter\Validation\Validation->run()
#6 /public_html/app/Controllers/Users.php(74): CodeIgniter\Controller->validate(Array)
#7 /public_html/system/CodeIgniter.php(918): App\Controllers\Users->register()
#8 /public_html/system/CodeIgniter.php(404): CodeIgniter\CodeIgniter->runController(Object(App\Controllers\Users))
#9 /public_html/system/CodeIgniter.php(312): CodeIgniter\CodeIgniter->handleRequest(NULL, Object(Config\Cache), false)
#10 /public_html/public/index.php(45): CodeIgniter\CodeIgniter->run()
#11 {main}
CRITICAL - 2021-01-08 10:37:47 --> Unable to connect to the database.
#0 /public_html/system/Database/BaseConnection.php(646): CodeIgniter\Database\BaseConnection->initialize()
#1 /public_html/system/Database/BaseBuilder.php(1860): CodeIgniter\Database\BaseConnection->query('SELECT 1\nFROM `...', Array, false)
#2 /public_html/system/Validation/Rules.php(240): CodeIgniter\Database\BaseBuilder->get()
#3 /public_html/system/Validation/Validation.php(325): CodeIgniter\Validation\Rules->is_unique('m4yank@gmail.co...', 'email', Array, NULL)
#4 /public_html/system/Validation/Validation.php(189): CodeIgniter\Validation\Validation->processRules('email', 'email', 'm4yank@gmail.co...', Array, Array)
#5 /public_html/system/Controller.php(219): CodeIgniter\Validation\Validation->run()
#6 /public_html/app/Controllers/Users.php(73): CodeIgniter\Controller->validate(Array)
#7 /public_html/system/CodeIgniter.php(918): App\Controllers\Users->register()
#8 /public_html/system/CodeIgniter.php(404): CodeIgniter\CodeIgniter->runController(Object(App\Controllers\Users))
#9 /public_html/system/CodeIgniter.php(312): CodeIgniter\CodeIgniter->handleRequest(NULL, Object(Config\Cache), false)
#10 /public_html/public/index.php(45): CodeIgniter\CodeIgniter->run()
#11 {main}
CRITICAL - 2021-01-08 10:37:49 --> Unable to connect to the database.
#0 /public_html/system/Database/BaseConnection.php(646): CodeIgniter\Database\BaseConnection->initialize()
#1 /public_html/system/Database/BaseBuilder.php(1860): CodeIgniter\Database\BaseConnection->query('SELECT 1\nFROM `...', Array, false)
#2 /public_html/system/Validation/Rules.php(240): CodeIgniter\Database\BaseBuilder->get()
#3 /public_html/system/Validation/Validation.php(325): CodeIgniter\Validation\Rules->is_unique('m4yank@gmail.co...', 'email', Array, NULL)
#4 /public_html/system/Validation/Validation.php(189): CodeIgniter\Validation\Validation->processRules('email', 'email', 'm4yank@gmail.co...', Array, Array)
#5 /public_html/system/Controller.php(219): CodeIgniter\Validation\Validation->run()
#6 /public_html/app/Controllers/Users.php(73): CodeIgniter\Controller->validate(Array)
#7 /public_html/system/CodeIgniter.php(918): App\Controllers\Users->register()
#8 /public_html/system/CodeIgniter.php(404): CodeIgniter\CodeIgniter->runController(Object(App\Controllers\Users))
#9 /public_html/system/CodeIgniter.php(312): CodeIgniter\CodeIgniter->handleRequest(NULL, Object(Config\Cache), false)
#10 /public_html/public/index.php(45): CodeIgniter\CodeIgniter->run()
#11 {main}
CRITICAL - 2021-01-08 10:39:06 --> Unable to connect to the database.
#0 /public_html/system/Database/BaseConnection.php(646): CodeIgniter\Database\BaseConnection->initialize()
#1 /public_html/system/Database/BaseBuilder.php(1860): CodeIgniter\Database\BaseConnection->query('SELECT 1\nFROM `...', Array, false)
#2 /public_html/system/Validation/Rules.php(240): CodeIgniter\Database\BaseBuilder->get()
#3 /public_html/system/Validation/Validation.php(325): CodeIgniter\Validation\Rules->is_unique('m4yank@gmail.co...', 'email', Array, NULL)
#4 /public_html/system/Validation/Validation.php(189): CodeIgniter\Validation\Validation->processRules('email', 'email', 'm4yank@gmail.co...', Array, Array)
#5 /public_html/system/Controller.php(219): CodeIgniter\Validation\Validation->run()
#6 /public_html/app/Controllers/Users.php(73): CodeIgniter\Controller->validate(Array)
#7 /public_html/system/CodeIgniter.php(918): App\Controllers\Users->register()
#8 /public_html/system/CodeIgniter.php(404): CodeIgniter\CodeIgniter->runController(Object(App\Controllers\Users))
#9 /public_html/system/CodeIgniter.php(312): CodeIgniter\CodeIgniter->handleRequest(NULL, Object(Config\Cache), false)
#10 /public_html/public/index.php(45): CodeIgniter\CodeIgniter->run()
#11 {main}
CRITICAL - 2021-01-08 10:39:40 --> validateUser is not a valid rule.
#0 /public_html/system/Validation/Validation.php(333): CodeIgniter\Validation\Exceptions\ValidationException::forRuleNotFound('validateUser')
#1 /public_html/system/Validation/Validation.php(189): CodeIgniter\Validation\Validation->processRules('password', 'password', 'Nokia@1100', Array, Array)
#2 /public_html/system/Controller.php(219): CodeIgniter\Validation\Validation->run()
#3 /public_html/app/Controllers/Users.php(27): CodeIgniter\Controller->validate(Array, Array)
#4 /public_html/system/CodeIgniter.php(918): App\Controllers\Users->index()
#5 /public_html/system/CodeIgniter.php(404): CodeIgniter\CodeIgniter->runController(Object(App\Controllers\Users))
#6 /public_html/system/CodeIgniter.php(312): CodeIgniter\CodeIgniter->handleRequest(NULL, Object(Config\Cache), false)
#7 /public_html/public/index.php(45): CodeIgniter\CodeIgniter->run()
#8 {main}
CRITICAL - 2021-01-08 10:41:45 --> validateUser is not a valid rule.
#0 /public_html/system/Validation/Validation.php(333): CodeIgniter\Validation\Exceptions\ValidationException::forRuleNotFound('validateUser')
#1 /public_html/system/Validation/Validation.php(189): CodeIgniter\Validation\Validation->processRules('password', 'password', 'Nokia@1100', Array, Array)
#2 /public_html/system/Controller.php(219): CodeIgniter\Validation\Validation->run()
#3 /public_html/app/Controllers/Users.php(27): CodeIgniter\Controller->validate(Array, Array)
#4 /public_html/system/CodeIgniter.php(918): App\Controllers\Users->index()
#5 /public_html/system/CodeIgniter.php(404): CodeIgniter\CodeIgniter->runController(Object(App\Controllers\Users))
#6 /public_html/system/CodeIgniter.php(312): CodeIgniter\CodeIgniter->handleRequest(NULL, Object(Config\Cache), false)
#7 /public_html/public/index.php(45): CodeIgniter\CodeIgniter->run()
#8 {main}
CRITICAL - 2021-01-08 10:41:48 --> validateUser is not a valid rule.
#0 /public_html/system/Validation/Validation.php(333): CodeIgniter\Validation\Exceptions\ValidationException::forRuleNotFound('validateUser')
#1 /public_html/system/Validation/Validation.php(189): CodeIgniter\Validation\Validation->processRules('password', 'password', 'Nokia@1100', Array, Array)
#2 /public_html/system/Controller.php(219): CodeIgniter\Validation\Validation->run()
#3 /public_html/app/Controllers/Users.php(27): CodeIgniter\Controller->validate(Array, Array)
#4 /public_html/system/CodeIgniter.php(918): App\Controllers\Users->index()
#5 /public_html/system/CodeIgniter.php(404): CodeIgniter\CodeIgniter->runController(Object(App\Controllers\Users))
#6 /public_html/system/CodeIgniter.php(312): CodeIgniter\CodeIgniter->handleRequest(NULL, Object(Config\Cache), false)
#7 /public_html/public/index.php(45): CodeIgniter\CodeIgniter->run()
#8 {main}
CRITICAL - 2021-01-08 10:43:30 --> validateUser is not a valid rule.
#0 /public_html/system/Validation/Validation.php(333): CodeIgniter\Validation\Exceptions\ValidationException::forRuleNotFound('validateUser')
#1 /public_html/system/Validation/Validation.php(189): CodeIgniter\Validation\Validation->processRules('password', 'password', 'Nokia@1100', Array, Array)
#2 /public_html/system/Controller.php(219): CodeIgniter\Validation\Validation->run()
#3 /public_html/app/Controllers/Users.php(27): CodeIgniter\Controller->validate(Array, Array)
#4 /public_html/system/CodeIgniter.php(918): App\Controllers\Users->index()
#5 /public_html/system/CodeIgniter.php(404): CodeIgniter\CodeIgniter->runController(Object(App\Controllers\Users))
#6 /public_html/system/CodeIgniter.php(312): CodeIgniter\CodeIgniter->handleRequest(NULL, Object(Config\Cache), false)
#7 /public_html/public/index.php(45): CodeIgniter\CodeIgniter->run()
#8 {main}
CRITICAL - 2021-01-08 10:43:44 --> validateUser is not a valid rule.
#0 /public_html/system/Validation/Validation.php(333): CodeIgniter\Validation\Exceptions\ValidationException::forRuleNotFound('validateUser')
#1 /public_html/system/Validation/Validation.php(189): CodeIgniter\Validation\Validation->processRules('password', 'password', 'Nokia@1100', Array, Array)
#2 /public_html/system/Controller.php(219): CodeIgniter\Validation\Validation->run()
#3 /public_html/app/Controllers/Users.php(27): CodeIgniter\Controller->validate(Array, Array)
#4 /public_html/system/CodeIgniter.php(918): App\Controllers\Users->index()
#5 /public_html/system/CodeIgniter.php(404): CodeIgniter\CodeIgniter->runController(Object(App\Controllers\Users))
#6 /public_html/system/CodeIgniter.php(312): CodeIgniter\CodeIgniter->handleRequest(NULL, Object(Config\Cache), false)
#7 /public_html/public/index.php(45): CodeIgniter\CodeIgniter->run()
#8 {main}
CRITICAL - 2021-01-08 10:45:12 --> validateUser is not a valid rule.
#0 /public_html/system/Validation/Validation.php(333): CodeIgniter\Validation\Exceptions\ValidationException::forRuleNotFound('validateUser')
#1 /public_html/system/Validation/Validation.php(189): CodeIgniter\Validation\Validation->processRules('password', 'password', 'Nokia@1100', Array, Array)
#2 /public_html/system/Controller.php(219): CodeIgniter\Validation\Validation->run()
#3 /public_html/app/Controllers/Users.php(27): CodeIgniter\Controller->validate(Array, Array)
#4 /public_html/system/CodeIgniter.php(918): App\Controllers\Users->index()
#5 /public_html/system/CodeIgniter.php(404): CodeIgniter\CodeIgniter->runController(Object(App\Controllers\Users))
#6 /public_html/system/CodeIgniter.php(312): CodeIgniter\CodeIgniter->handleRequest(NULL, Object(Config\Cache), false)
#7 /public_html/public/index.php(45): CodeIgniter\CodeIgniter->run()
#8 {main}
CRITICAL - 2021-01-08 10:48:04 --> validateUser is not a valid rule.
#0 /public_html/system/Validation/Validation.php(333): CodeIgniter\Validation\Exceptions\ValidationException::forRuleNotFound('validateUser')
#1 /public_html/system/Validation/Validation.php(189): CodeIgniter\Validation\Validation->processRules('password', 'password', 'Nokia@1100', Array, Array)
#2 /public_html/system/Controller.php(219): CodeIgniter\Validation\Validation->run()
#3 /public_html/app/Controllers/Users.php(27): CodeIgniter\Controller->validate(Array, Array)
#4 /public_html/system/CodeIgniter.php(918): App\Controllers\Users->index()
#5 /public_html/system/CodeIgniter.php(404): CodeIgniter\CodeIgniter->runController(Object(App\Controllers\Users))
#6 /public_html/system/CodeIgniter.php(312): CodeIgniter\CodeIgniter->handleRequest(NULL, Object(Config\Cache), false)
#7 /public_html/public/index.php(45): CodeIgniter\CodeIgniter->run()
#8 {main}
CRITICAL - 2021-01-08 11:14:17 --> Undefined variable: cache
#0 /public_html/app/Controllers/Users.php(137): CodeIgniter\Debug\Exceptions->errorHandler(8, 'Undefined varia...', '/public_html/ap...', 137, Array)
#1 /public_html/system/CodeIgniter.php(918): App\Controllers\Users->profile()
#2 /public_html/system/CodeIgniter.php(404): CodeIgniter\CodeIgniter->runController(Object(App\Controllers\Users))
#3 /public_html/system/CodeIgniter.php(312): CodeIgniter\CodeIgniter->handleRequest(NULL, Object(Config\Cache), false)
#4 /public_html/public/index.php(45): CodeIgniter\CodeIgniter->run()
#5 {main}
CRITICAL - 2021-01-08 11:14:24 --> Undefined property: App\Controllers\Users::$cache
#0 /public_html/app/Controllers/Users.php(137): CodeIgniter\Debug\Exceptions->errorHandler(8, 'Undefined prope...', '/public_html/ap...', 137, Array)
#1 /public_html/system/CodeIgniter.php(918): App\Controllers\Users->profile()
#2 /public_html/system/CodeIgniter.php(404): CodeIgniter\CodeIgniter->runController(Object(App\Controllers\Users))
#3 /public_html/system/CodeIgniter.php(312): CodeIgniter\CodeIgniter->handleRequest(NULL, Object(Config\Cache), false)
#4 /public_html/public/index.php(45): CodeIgniter\CodeIgniter->run()
#5 {main}
CRITICAL - 2021-01-08 11:14:25 --> Undefined property: App\Controllers\Users::$cache
#0 /public_html/app/Controllers/Users.php(137): CodeIgniter\Debug\Exceptions->errorHandler(8, 'Undefined prope...', '/public_html/ap...', 137, Array)
#1 /public_html/system/CodeIgniter.php(918): App\Controllers\Users->profile()
#2 /public_html/system/CodeIgniter.php(404): CodeIgniter\CodeIgniter->runController(Object(App\Controllers\Users))
#3 /public_html/system/CodeIgniter.php(312): CodeIgniter\CodeIgniter->handleRequest(NULL, Object(Config\Cache), false)
#4 /public_html/public/index.php(45): CodeIgniter\CodeIgniter->run()
#5 {main}
CRITICAL - 2021-01-08 11:14:26 --> Undefined property: App\Controllers\Users::$cache
#0 /public_html/app/Controllers/Users.php(137): CodeIgniter\Debug\Exceptions->errorHandler(8, 'Undefined prope...', '/public_html/ap...', 137, Array)
#1 /public_html/system/CodeIgniter.php(918): App\Controllers\Users->profile()
#2 /public_html/system/CodeIgniter.php(404): CodeIgniter\CodeIgniter->runController(Object(App\Controllers\Users))
#3 /public_html/system/CodeIgniter.php(312): CodeIgniter\CodeIgniter->handleRequest(NULL, Object(Config\Cache), false)
#4 /public_html/public/index.php(45): CodeIgniter\CodeIgniter->run()
#5 {main}
CRITICAL - 2021-01-08 11:15:51 --> syntax error, unexpected 'constructor' (T_STRING), expecting function (T_FUNCTION) or const (T_CONST)
#0 /public_html/system/Router/Router.php(195): CodeIgniter\Router\Router->autoRoute('users/profile')
#1 /public_html/system/CodeIgniter.php(793): CodeIgniter\Router\Router->handle('users/profile')
#2 /public_html/system/CodeIgniter.php(364): CodeIgniter\CodeIgniter->tryToRouteIt(Object(CodeIgniter\Router\RouteCollection))
#3 /public_html/system/CodeIgniter.php(312): CodeIgniter\CodeIgniter->handleRequest(NULL, Object(Config\Cache), false)
#4 /public_html/public/index.php(45): CodeIgniter\CodeIgniter->run()
#5 {main}
CRITICAL - 2021-01-08 11:16:36 --> Call to a member function save() on null
#0 /public_html/system/CodeIgniter.php(918): App\Controllers\Users->profile()
#1 /public_html/system/CodeIgniter.php(404): CodeIgniter\CodeIgniter->runController(Object(App\Controllers\Users))
#2 /public_html/system/CodeIgniter.php(312): CodeIgniter\CodeIgniter->handleRequest(NULL, Object(Config\Cache), false)
#3 /public_html/public/index.php(45): CodeIgniter\CodeIgniter->run()
#4 {main}
CRITICAL - 2021-01-08 11:25:26 --> Use of undefined constant redis - assumed 'redis' (this will throw an Error in a future version of PHP)
#0 /public_html/system/CodeIgniter.php(297): CodeIgniter\Debug\Exceptions->errorHandler(2, 'Use of undefine...', '/public_html/sy...', 297, Array)
#1 /public_html/public/index.php(45): CodeIgniter\CodeIgniter->run()
#2 {main}
CRITICAL - 2021-01-08 11:25:28 --> Use of undefined constant redis - assumed 'redis' (this will throw an Error in a future version of PHP)
#0 /public_html/system/CodeIgniter.php(297): CodeIgniter\Debug\Exceptions->errorHandler(2, 'Use of undefine...', '/public_html/sy...', 297, Array)
#1 /public_html/public/index.php(45): CodeIgniter\CodeIgniter->run()
#2 {main}
